<?xml version="1.0" encoding="UTF-8"?>
<testsuite name="Test" tests="10" skipped="0" failures="0" errors="0" timestamp="2024-03-01T22:16:16" hostname="fedora" time="0.312">
  <properties/>
  <testcase name="cardSequenceGeneratorTestClassTest()" classname="Test" time="0.197"/>
  <testcase name="getHistoryMethodTest()" classname="Test" time="0.015"/>
  <testcase name="randomCardGeneratorMethodTest()" classname="Test" time="0.012"/>
  <testcase name="statTestClassTest()" classname="Test" time="0.023"/>
  <testcase name="statServiceTestClassTest()" classname="Test" time="0.006"/>
  <testcase name="getNextCardMethodTest()" classname="Test" time="0.01"/>
  <testcase name="startNewGameMethodTest()" classname="Test" time="0.007"/>
  <testcase name="cardTestClassTest()" classname="Test" time="0.007"/>
  <testcase name="saveMethodTest()" classname="Test" time="0.024"/>
  <testcase name="cardServiceTest()" classname="Test" time="0.004"/>
  <system-out><![CDATA[]]></system-out>
  <system-err><![CDATA[]]></system-err>
</testsuite>
